{
  "RSpec": {
    "coverage": {
      "/home/richard/projetos/wallet/hiei/app/controllers/securities_controller.rb": [
        1,
        1,
        null,
        null,
        null,
        1,
        0,
        null,
        0,
        null,
        null,
        null,
        null,
        1,
        0,
        0,
        null,
        0,
        null,
        null,
        null,
        null,
        null,
        1,
        0,
        null,
        0,
        0,
        0,
        null,
        0,
        null,
        null,
        0,
        null,
        null,
        null,
        null,
        null,
        1,
        2,
        1,
        0,
        null,
        1,
        null,
        null,
        1,
        null,
        null,
        null,
        1,
        null,
        1,
        0,
        null,
        0,
        null,
        null,
        1,
        2,
        null,
        null,
        null,
        1,
        1,
        null,
        null
      ],
      "/home/richard/projetos/wallet/hiei/app/controllers/application_controller.rb": [
        1,
        null
      ],
      "/home/richard/projetos/wallet/hiei/app/models/variation.rb": [
        1,
        1,
        null,
        1,
        1,
        1,
        1,
        null
      ],
      "/home/richard/projetos/wallet/hiei/app/models/security.rb": [
        1,
        1,
        null,
        1,
        1,
        null,
        1,
        1,
        1,
        1,
        1,
        null
      ],
      "/home/richard/projetos/wallet/hiei/app/models/indexer.rb": [
        1,
        1,
        null,
        1,
        null,
        1,
        null,
        null,
        0,
        0,
        null,
        null,
        0,
        null,
        null
      ],
      "/home/richard/projetos/wallet/hiei/app/serializers/error_serializer.rb": [
        1,
        1,
        1,
        1,
        null,
        null,
        1,
        0,
        null,
        null,
        1,
        1,
        null,
        1,
        1,
        1,
        1,
        null,
        null,
        null,
        1,
        null,
        1,
        null,
        null,
        null
      ],
      "/home/richard/projetos/wallet/hiei/app/controllers/indexers_controller.rb": [
        0,
        0,
        0,
        0,
        0,
        0,
        0,
        0,
        0,
        0,
        0,
        0,
        0,
        0,
        0,
        0,
        0,
        0,
        0,
        0,
        0,
        0,
        0,
        0,
        0,
        0,
        0,
        0,
        0,
        0,
        0,
        0,
        0,
        0,
        0,
        0,
        0,
        0,
        0,
        0,
        0,
        0,
        0,
        0
      ],
      "/home/richard/projetos/wallet/hiei/app/controllers/variations_controller.rb": [
        0,
        0,
        0,
        0,
        0,
        0,
        0,
        0,
        0,
        0,
        0,
        0,
        0,
        0,
        0,
        0,
        0,
        0,
        0,
        0,
        0,
        0,
        0,
        0,
        0,
        0,
        0,
        0,
        0,
        0,
        0,
        0,
        0,
        0,
        0,
        0,
        0,
        0,
        0,
        0,
        0,
        0,
        0,
        0,
        0,
        0,
        0,
        0,
        0,
        0,
        0,
        0,
        0,
        0,
        0,
        0,
        0,
        0,
        0,
        0,
        0,
        0
      ],
      "/home/richard/projetos/wallet/hiei/app/serializers/indexer_serializer.rb": [
        0,
        0,
        0
      ],
      "/home/richard/projetos/wallet/hiei/app/serializers/variation_serializer.rb": [
        0,
        0,
        0,
        0
      ],
      "/home/richard/projetos/wallet/hiei/app/serializers/security_serializer.rb": [
        0,
        0,
        0
      ]
    },
    "timestamp": 1459095602
  }
}
